23-09-2019 20:08:25	This log contains information about the import schema operation into project 'ordermanagerdb' on computer 'DESKTOP-ENMHLCC' by user 'arunf'.
23-09-2019 20:08:25	Import of database schema has started.
23-09-2019 20:08:31	Gathering database options
23-09-2019 20:08:31	Gathering users
23-09-2019 20:08:31	Gathering roles
23-09-2019 20:08:31	Gathering application roles
23-09-2019 20:08:31	Gathering role memberships
23-09-2019 20:08:31	Gathering filegroups
23-09-2019 20:08:31	Gathering full-text catalogs
23-09-2019 20:08:31	Gathering assemblies
23-09-2019 20:08:31	Gathering certificates
23-09-2019 20:08:31	Gathering asymmetric keys
23-09-2019 20:08:31	Gathering symmetric keys
23-09-2019 20:08:31	Gathering encrypted symmetric keys
23-09-2019 20:08:31	Gathering schemas
23-09-2019 20:08:31	Gathering XML schema collections
23-09-2019 20:08:31	Gathering user-defined data types
23-09-2019 20:08:31	Gathering user-defined types
23-09-2019 20:08:31	Gathering table types
23-09-2019 20:08:31	Gathering unique keys for table types
23-09-2019 20:08:31	Gathering primary keys for table types
23-09-2019 20:08:31	Gathering indexes for table types
23-09-2019 20:08:31	Gathering check constraints for table types
23-09-2019 20:08:31	Gathering default constraints for table types
23-09-2019 20:08:31	Gathering partition functions
23-09-2019 20:08:31	Gathering partition schemes
23-09-2019 20:08:31	Gathering functions
23-09-2019 20:08:31	Gathering encrypted functions
23-09-2019 20:08:31	Gathering aggregates
23-09-2019 20:08:31	Gathering procedures
23-09-2019 20:08:31	Gathering encrypted procedures
23-09-2019 20:08:31	Gathering tables
23-09-2019 20:08:32	Gathering primary keys
23-09-2019 20:08:32	Gathering unique constraints
23-09-2019 20:08:32	Gathering foreign keys
23-09-2019 20:08:32	Gathering default constraints
23-09-2019 20:08:32	Gathering check constraints
23-09-2019 20:08:32	Gathering views
23-09-2019 20:08:32	Gathering encrypted views
23-09-2019 20:08:32	Gathering indexes
23-09-2019 20:08:32	Gathering statistics
23-09-2019 20:08:32	Gathering full-text index stoplists
23-09-2019 20:08:32	Gathering search property lists
23-09-2019 20:08:32	Gathering search properties
23-09-2019 20:08:32	Gathering full-text indexes
23-09-2019 20:08:32	Gathering column store indexes
23-09-2019 20:08:32	Gathering spatial indexes
23-09-2019 20:08:32	Gathering XML indexes
23-09-2019 20:08:32	Gathering Selective XML indexes
23-09-2019 20:08:32	Gathering encrypted triggers
23-09-2019 20:08:32	Gathering triggers
23-09-2019 20:08:32	Gathering encrypted and clr ddl triggers
23-09-2019 20:08:32	Gathering ddl triggers
23-09-2019 20:08:32	Gathering synonyms
23-09-2019 20:08:32	Gathering defaults
23-09-2019 20:08:32	Gathering data constraint uddt bindings
23-09-2019 20:08:32	Gathering rules
23-09-2019 20:08:32	Gathering data constraint uddt bindings
23-09-2019 20:08:32	Gathering message types
23-09-2019 20:08:32	Gathering queues
23-09-2019 20:08:32	Gathering contracts
23-09-2019 20:08:32	Gathering services
23-09-2019 20:08:32	Gathering event notifications
23-09-2019 20:08:32	Gathering remote service bindings
23-09-2019 20:08:32	Gathering broker priorities
23-09-2019 20:08:32	Gathering signatures
23-09-2019 20:08:32	Gathering data compression options
23-09-2019 20:08:32	Gathering sequence types
23-09-2019 20:08:32	Gathering extended properties
23-09-2019 20:08:32	Gathering credentials
23-09-2019 20:08:32	Gathering logins
23-09-2019 20:08:32	Gathering server audits
23-09-2019 20:08:32	Scanning project for duplicate elements
23-09-2019 20:08:32	Finished duplicate element processing
23-09-2019 20:08:33	Finished importing database.
23-09-2019 20:08:33	A summary of the import was saved to the following location: E:\tech related\git-repo-2017\OrderManager\ordermanagerdb\Import Schema Logs\ordermanagerdb_20190923100825.log
23-09-2019 20:08:33	Click Finish to continue...
